#
# A fatal error has been detected by the Java Runtime Environment:
#
#  EXCEPTION_ACCESS_VIOLATION (0xc0000005) at pc=0x00007ff8ac37af5f, pid=11224, tid=11352
#
# JRE version: OpenJDK Runtime Environment (16.0.2+7) (build 16.0.2+7-67)
# Java VM: OpenJDK 64-Bit Server VM (16.0.2+7-67, mixed mode, tiered, compressed oops, compressed class ptrs, g1 gc, windows-amd64)
# Problematic frame:
# V  [jvm.dll+0x7baf5f]
#
# No core dump will be written. Minidumps are not enabled by default on client versions of Windows
#
# If you would like to submit a bug report, please visit:
#   https://bugreport.java.com/bugreport/crash.jsp
#

---------------  S U M M A R Y ------------

Command Line: -XX:+ShowCodeDetailsInExceptionMessages -agentlib:jdwp=transport=dt_socket,suspend=y,address=localhost:62230 -Dcom.sun.management.jmxremote -Dcom.sun.management.jmxremote.port=62229 -Dcom.sun.management.jmxremote.authenticate=false -Dcom.sun.management.jmxremote.ssl=false -Djava.rmi.server.hostname=localhost -Dspring.jmx.enabled=true -Dspring.application.admin.enabled=true -XX:TieredStopAtLevel=1 -Dspring.boot.project.name=DepartmentProject -javaagent:C:\Users\rajeshkumardakua\Downloads\sts-4.12.0.RELEASE\configuration\org.eclipse.osgi\259\0\.cp\lib\javaagent-shaded.jar -Dfile.encoding=Cp1252 com.zkteco.department.DepartmentProjectApplication --spring.output.ansi.enabled=always

Host: Intel(R) Core(TM) i5-10400 CPU @ 2.90GHz, 12 cores, 15G,  Windows 10 , 64 bit Build 19041 (10.0.19041.1202)
Time: Thu Oct  7 18:15:47 2021 India Standard Time elapsed time: 1.657324 seconds (0d 0h 0m 1s)

---------------  T H R E A D  ---------------

Current thread (0x00000218e97d0940):  JavaThread "main" [_thread_in_vm, id=11352, stack(0x000000bcbf200000,0x000000bcbf300000)]

Stack: [0x000000bcbf200000,0x000000bcbf300000],  sp=0x000000bcbf2fb5d0,  free space=1005k
Native frames: (J=compiled Java code, j=interpreted, Vv=VM code, C=native code)
V  [jvm.dll+0x7baf5f]
V  [jvm.dll+0x7be722]
V  [jvm.dll+0x7b7d05]
V  [jvm.dll+0x366ffc]
V  [jvm.dll+0x366252]
V  [jvm.dll+0x3661f8]
V  [jvm.dll+0x37556d]
C  0x00000218ecd688ed

Java frames: (J=compiled Java code, j=interpreted, Vv=VM code)
j  org.springframework.boot.web.embedded.tomcat.TomcatServletWebServerFactory.getWebServer([Lorg/springframework/boot/web/servlet/ServletContextInitializer;)Lorg/springframework/boot/web/server/WebServer;+10
j  org.springframework.boot.web.servlet.context.ServletWebServerApplicationContext.createWebServer()V+67
j  org.springframework.boot.web.servlet.context.ServletWebServerApplicationContext.onRefresh()V+5
j  org.springframework.context.support.AbstractApplicationContext.refresh()V+77
j  org.springframework.boot.web.servlet.context.ServletWebServerApplicationContext.refresh()V+1
j  org.springframework.boot.SpringApplication.refresh(Lorg/springframework/context/ConfigurableApplicationContext;)V+1
j  org.springframework.boot.SpringApplication.refreshContext(Lorg/springframework/context/ConfigurableApplicationContext;)V+16
j  org.springframework.boot.SpringApplication.run([Ljava/lang/String;)Lorg/springframework/context/ConfigurableApplicationContext;+111
j  org.springframework.boot.SpringApplication.run([Ljava/lang/Class;[Ljava/lang/String;)Lorg/springframework/context/ConfigurableApplicationContext;+9
j  org.springframework.boot.SpringApplication.run(Ljava/lang/Class;[Ljava/lang/String;)Lorg/springframework/context/ConfigurableApplicationContext;+9
j  com.zkteco.department.DepartmentProjectApplication.main([Ljava/lang/String;)V+3
v  ~StubRoutines::call_stub

siginfo: EXCEPTION_ACCESS_VIOLATION (0xc0000005), reading address 0x00000618891d4446


Register to memory mapping:

RIP=0x00007ff8ac37af5f jvm.dll
RAX=0x00000618891d4440 is an unknown value
RBX=0x000000bcbf2fd228 is pointing into the stack for thread: 0x00000218e97d0940
RCX=0x000000bcbf2fb860 is pointing into the stack for thread: 0x00000218e97d0940
RDX=0x0000000000000018 is an unknown value
RSP=0x000000bcbf2fb5d0 is pointing into the stack for thread: 0x00000218e97d0940
RBP=0x000000bcbf2fb6d0 is pointing into the stack for thread: 0x00000218e97d0940
RSI=0x00000218e97d0940 is a thread
RDI=0x000000bcbf2fc600 is pointing into the stack for thread: 0x00000218e97d0940
R8 =0x0000000000000001 is an unknown value
R9 =0x0 is NULL
R10=0x00007ff8abbc0000 jvm.dll
R11=0x000000bcbf2fb5c0 is pointing into the stack for thread: 0x00000218e97d0940
R12=0x000002188b0368f0 points into unknown readable memory: 0x0000000000000001 | 01 00 00 00 00 00 00 00
R13=0x00000000000000b8 is an unknown value
R14=0x0000000000000001 is an unknown value
R15=0x0000000000000159 is an unknown value


Registers:
RAX=0x00000618891d4440, RBX=0x000000bcbf2fd228, RCX=0x000000bcbf2fb860, RDX=0x0000000000000018
RSP=0x000000bcbf2fb5d0, RBP=0x000000bcbf2fb6d0, RSI=0x00000218e97d0940, RDI=0x000000bcbf2fc600
R8 =0x0000000000000001, R9 =0x0000000000000000, R10=0x00007ff8abbc0000, R11=0x000000bcbf2fb5c0
R12=0x000002188b0368f0, R13=0x00000000000000b8, R14=0x0000000000000001, R15=0x0000000000000159
RIP=0x00007ff8ac37af5f, EFLAGS=0x0000000000010293

Top of Stack: (sp=0x000000bcbf2fb5d0)
0x000000bcbf2fb5d0:   000000bcbf2fd228 00000218e97d0940
0x000000bcbf2fb5e0:   000002188b0368f0 0000000000000159
0x000000bcbf2fb5f0:   0000021800000c00 00000218e97d0940
0x000000bcbf2fb600:   00000218e97d0940 00000218e97d0940
0x000000bcbf2fb610:   0000000000000008 000000bcbf2fbf98
0x000000bcbf2fb620:   000000000000002a 0000000000000004
0x000000bcbf2fb630:   00000000003c0001 00000618891d4440
0x000000bcbf2fb640:   000002188ad288a0 00007ff8ac2ae447
0x000000bcbf2fb650:   000000bcbf2fb900 000002188b036800
0x000000bcbf2fb660:   00000218e97d0900 000002188b3b0004
0x000000bcbf2fb670:   0000000000000002 00000218e97d0940
0x000000bcbf2fb680:   000000006dccaaa5 000002188b330668
0x000000bcbf2fb690:   0000000000000000 0000000000000177
0x000000bcbf2fb6a0:   000000bcbf2fb8d8 00007ff8ac2a4fdd
0x000000bcbf2fb6b0:   000002188b036720 00000218885286c8
0x000000bcbf2fb6c0:   000000bc0000003c 00007ff8abf01d56 

Instructions: (pc=0x00007ff8ac37af5f)
0x00007ff8ac37ae5f:   00 00 00 66 0f 6f 0d c6 8f 18 00 48 8d 55 b0 44
0x00007ff8ac37ae6f:   89 44 24 78 66 0f 6f d1 44 89 4c 24 7c 4c 8d 05
0x00007ff8ac37ae7f:   dd d7 19 00 66 44 89 4d 84 48 8b cf 66 44 89 4d
0x00007ff8ac37ae8f:   9c f3 0f 7f 4d a0 c7 45 80 09 00 00 00 0f 10 44
0x00007ff8ac37ae9f:   24 78 c7 45 98 09 00 00 00 66 0f 15 d2 0f 29 45
0x00007ff8ac37aeaf:   b0 0f 10 45 98 0f 29 4d c0 0f 29 45 d0 f2 0f 11
0x00007ff8ac37aebf:   55 e0 e8 da e5 ff ff e9 02 08 00 00 41 81 fd ba
0x00007ff8ac37aecf:   00 00 00 0f 85 82 00 00 00 48 8b 01 48 63 49 10
0x00007ff8ac37aedf:   48 8b 40 08 80 7c 08 3b 00 75 07 80 7c 08 3c 00
0x00007ff8ac37aeef:   74 69 66 0f 6f 0d 37 8f 18 00 48 8d 55 b0 44 89
0x00007ff8ac37aeff:   44 24 78 66 0f 6f d1 44 89 4c 24 7c 4c 8d 05 86
0x00007ff8ac37af0f:   d7 19 00 66 44 89 4d 84 48 8b cf 66 44 89 4d 9c
0x00007ff8ac37af1f:   f3 0f 7f 4d a0 c7 45 80 09 00 00 00 0f 10 44 24
0x00007ff8ac37af2f:   78 c7 45 98 09 00 00 00 66 0f 15 d2 0f 29 45 b0
0x00007ff8ac37af3f:   0f 10 45 98 0f 29 4d c0 0f 29 45 d0 f2 0f 11 55
0x00007ff8ac37af4f:   e0 e8 4b e5 ff ff e9 73 07 00 00 48 8b 44 24 68
0x00007ff8ac37af5f:   80 78 06 3c 75 7f 41 81 fd b7 00 00 00 75 0d 48
0x00007ff8ac37af6f:   3b 05 8b b6 33 00 0f 84 7c 02 00 00 66 0f 6f 0d
0x00007ff8ac37af7f:   ad 8e 18 00 48 8d 55 b0 44 89 44 24 78 66 0f 6f
0x00007ff8ac37af8f:   d1 44 89 4c 24 7c 4c 8d 05 3c d7 19 00 66 44 89
0x00007ff8ac37af9f:   4d 84 48 8b cf 66 44 89 4d 9c f3 0f 7f 4d a0 c7
0x00007ff8ac37afaf:   45 80 09 00 00 00 0f 10 44 24 78 c7 45 98 09 00
0x00007ff8ac37afbf:   00 00 66 0f 15 d2 0f 29 45 b0 0f 10 45 98 0f 29
0x00007ff8ac37afcf:   4d c0 0f 29 45 d0 f2 0f 11 55 e0 e8 c1 e4 ff ff
0x00007ff8ac37afdf:   e9 e9 06 00 00 41 81 fd b7 00 00 00 0f 85 06 02
0x00007ff8ac37afef:   00 00 4c 8b 7f 68 48 8b cf 48 8b 5c 24 70 49 8b
0x00007ff8ac37afff:   d7 4c 8b 87 80 00 00 00 4c 8b cb e8 11 b2 ff ff
0x00007ff8ac37b00f:   84 c0 0f 85 e5 01 00 00 49 8b 47 78 48 3b 58 18
0x00007ff8ac37b01f:   0f 84 d7 01 00 00 0f b7 4c 24 62 48 8b 85 b8 00
0x00007ff8ac37b02f:   00 00 48 8b 00 48 8b 40 08 0f b6 44 08 04 48 8b
0x00007ff8ac37b03f:   4f 68 3c 0b 41 0f 94 c7 0f b6 81 36 01 00 00 c0
0x00007ff8ac37b04f:   e8 03 a8 01 75 47 48 8b 87 80 00 00 00 48 8d 95 


Stack slot to memory mapping:
stack at sp + 0 slots: 0x000000bcbf2fd228 is pointing into the stack for thread: 0x00000218e97d0940
stack at sp + 1 slots: 0x00000218e97d0940 is a thread
stack at sp + 2 slots: 0x000002188b0368f0 points into unknown readable memory: 0x0000000000000001 | 01 00 00 00 00 00 00 00
stack at sp + 3 slots: 0x0000000000000159 is an unknown value
stack at sp + 4 slots: 0x0000021800000c00 is an unknown value
stack at sp + 5 slots: 0x00000218e97d0940 is a thread
stack at sp + 6 slots: 0x00000218e97d0940 is a thread
stack at sp + 7 slots: 0x00000218e97d0940 is a thread


---------------  P R O C E S S  ---------------

Threads class SMR info:
_java_thread_list=0x000002188b360b10, length=21, elements={
0x00000218e97d0940, 0x0000021889043250, 0x0000021889043d60, 0x00000218890778f0,
0x0000021889078400, 0x000002188907ad20, 0x000002188907b630, 0x000002188907f440,
0x0000021889087da0, 0x00000218886008c0, 0x00000218892849f0, 0x0000021889286d00,
0x000002188928b5f0, 0x00000218899a6100, 0x0000021889b7d950, 0x0000021889b841f0,
0x0000021889bba360, 0x0000021889bb2050, 0x0000021889c29540, 0x0000021889c5e040,
0x0000021889d90fa0
}

Java Threads: ( => current thread )
=>0x00000218e97d0940 JavaThread "main" [_thread_in_vm, id=11352, stack(0x000000bcbf200000,0x000000bcbf300000)]
  0x0000021889043250 JavaThread "Reference Handler" daemon [_thread_blocked, id=3320, stack(0x000000bcbf900000,0x000000bcbfa00000)]
  0x0000021889043d60 JavaThread "Finalizer" daemon [_thread_blocked, id=4908, stack(0x000000bcbfa00000,0x000000bcbfb00000)]
  0x00000218890778f0 JavaThread "Signal Dispatcher" daemon [_thread_blocked, id=10788, stack(0x000000bcbfb00000,0x000000bcbfc00000)]
  0x0000021889078400 JavaThread "Attach Listener" daemon [_thread_blocked, id=8152, stack(0x000000bcbfc00000,0x000000bcbfd00000)]
  0x000002188907ad20 JavaThread "Service Thread" daemon [_thread_blocked, id=2772, stack(0x000000bcbfd00000,0x000000bcbfe00000)]
  0x000002188907b630 JavaThread "Monitor Deflation Thread" daemon [_thread_blocked, id=12068, stack(0x000000bcbfe00000,0x000000bcbff00000)]
  0x000002188907f440 JavaThread "C1 CompilerThread0" daemon [_thread_blocked, id=12000, stack(0x000000bcbff00000,0x000000bcc0000000)]
  0x0000021889087da0 JavaThread "Sweeper thread" daemon [_thread_blocked, id=11140, stack(0x000000bcc0000000,0x000000bcc0100000)]
  0x00000218886008c0 JavaThread "Common-Cleaner" daemon [_thread_blocked, id=10504, stack(0x000000bcc0100000,0x000000bcc0200000)]
  0x00000218892849f0 JavaThread "JDWP Transport Listener: dt_socket" daemon [_thread_blocked, id=11480, stack(0x000000bcc0200000,0x000000bcc0300000)]
  0x0000021889286d00 JavaThread "JDWP Event Helper Thread" daemon [_thread_blocked, id=11124, stack(0x000000bcc0300000,0x000000bcc0400000)]
  0x000002188928b5f0 JavaThread "JDWP Command Reader" daemon [_thread_in_native, id=11084, stack(0x000000bcc0400000,0x000000bcc0500000)]
  0x00000218899a6100 JavaThread "Notification Thread" daemon [_thread_blocked, id=11976, stack(0x000000bcc0500000,0x000000bcc0600000)]
  0x0000021889b7d950 JavaThread "RMI TCP Accept-0" daemon [_thread_in_native, id=10324, stack(0x000000bcc0600000,0x000000bcc0700000)]
  0x0000021889b841f0 JavaThread "RMI TCP Accept-62229" daemon [_thread_in_native, id=10636, stack(0x000000bcc0700000,0x000000bcc0800000)]
  0x0000021889bba360 JavaThread "RMI TCP Accept-0" daemon [_thread_in_native, id=11812, stack(0x000000bcc0800000,0x000000bcc0900000)]
  0x0000021889bb2050 JavaThread "RMI TCP Connection(1)-127.0.0.1" daemon [_thread_in_native, id=1544, stack(0x000000bcc0a00000,0x000000bcc0b00000)]
  0x0000021889c29540 JavaThread "RMI Scheduler(0)" daemon [_thread_blocked, id=7828, stack(0x000000bcc0b00000,0x000000bcc0c00000)]
  0x0000021889c5e040 JavaThread "RMI TCP Connection(2)-127.0.0.1" daemon [_thread_in_native, id=304, stack(0x000000bcc0c00000,0x000000bcc0d00000)]
  0x0000021889d90fa0 JavaThread "JMX server connection timeout 25" daemon [_thread_blocked, id=11240, stack(0x000000bcc1800000,0x000000bcc1900000)]

Other Threads:
  0x000002188902fa00 VMThread "VM Thread" [stack: 0x000000bcbf800000,0x000000bcbf900000] [id=10208]
  0x00000218e97d3630 WatcherThread [stack: 0x000000bcc0900000,0x000000bcc0a00000] [id=11020]
  0x00000218e9822250 GCTaskThread "GC Thread#0" [stack: 0x000000bcbf300000,0x000000bcbf400000] [id=11440]
  0x0000021889d160b0 GCTaskThread "GC Thread#1" [stack: 0x000000bcc0d00000,0x000000bcc0e00000] [id=4272]
  0x0000021889d163c0 GCTaskThread "GC Thread#2" [stack: 0x000000bcc0e00000,0x000000bcc0f00000] [id=5692]
  0x0000021889d505c0 GCTaskThread "GC Thread#3" [stack: 0x000000bcc0f00000,0x000000bcc1000000] [id=11404]
  0x0000021889d50cd0 GCTaskThread "GC Thread#4" [stack: 0x000000bcc1000000,0x000000bcc1100000] [id=10760]
  0x0000021889d513f0 GCTaskThread "GC Thread#5" [stack: 0x000000bcc1100000,0x000000bcc1200000] [id=8408]
  0x0000021889d48290 GCTaskThread "GC Thread#6" [stack: 0x000000bcc1200000,0x000000bcc1300000] [id=1412]
  0x0000021889d44a90 GCTaskThread "GC Thread#7" [stack: 0x000000bcc1300000,0x000000bcc1400000] [id=10012]
  0x0000021889d44da0 GCTaskThread "GC Thread#8" [stack: 0x000000bcc1400000,0x000000bcc1500000] [id=10724]
  0x0000021889d456d0 GCTaskThread "GC Thread#9" [stack: 0x000000bcc1500000,0x000000bcc1600000] [id=10876]
  0x00000218e9835700 ConcurrentGCThread "G1 Main Marker" [stack: 0x000000bcbf400000,0x000000bcbf500000] [id=10372]
  0x00000218e9835fa0 ConcurrentGCThread "G1 Conc#0" [stack: 0x000000bcbf500000,0x000000bcbf600000] [id=11072]
  0x000002188ac2ce00 ConcurrentGCThread "G1 Conc#1" [stack: 0x000000bcc1900000,0x000000bcc1a00000] [id=5480]
  0x000002188ac2ca40 ConcurrentGCThread "G1 Conc#2" [stack: 0x000000bcc1a00000,0x000000bcc1b00000] [id=8920]
  0x00000218884d44e0 ConcurrentGCThread "G1 Refine#0" [stack: 0x000000bcbf600000,0x000000bcbf700000] [id=6760]
  0x0000021889d2f210 ConcurrentGCThread "G1 Refine#1" [stack: 0x000000bcc1600000,0x000000bcc1700000] [id=11392]
  0x0000021889d30390 ConcurrentGCThread "G1 Refine#2" [stack: 0x000000bcc1700000,0x000000bcc1800000] [id=3988]
  0x00000218e9893fa0 ConcurrentGCThread "G1 Service" [stack: 0x000000bcbf700000,0x000000bcbf800000] [id=3880]

Threads with active compile tasks:

VM state: not at safepoint (normal execution)

VM Mutex/Monitor currently owned by a thread: None

Heap address: 0x0000000702000000, size: 4064 MB, Compressed Oops mode: Zero based, Oop shift amount: 3

CDS disabled.
Compressed class space mapped at: 0x0000000800000000-0x0000000840000000, reserved size: 1073741824
Narrow klass base: 0x0000000800000000, Narrow klass shift: 0, Narrow klass range: 0x40000000

GC Precious Log:
 CPUs: 12 total, 12 available
 Memory: 16250M
 Large Page Support: Disabled
 NUMA Support: Disabled
 Compressed Oops: Enabled (Zero based)
 Heap Region Size: 2M
 Heap Min Capacity: 8M
 Heap Initial Capacity: 254M
 Heap Max Capacity: 4064M
 Pre-touch: Disabled
 Parallel Workers: 10
 Concurrent Workers: 3
 Concurrent Refinement Workers: 10
 Periodic GC: Disabled

Heap:
 garbage-first heap   total 153600K, used 69002K [0x0000000702000000, 0x0000000800000000)
  region size 2048K, 31 young (63488K), 2 survivors (4096K)
 Metaspace       used 34679K, committed 34944K, reserved 1081344K
  class space    used 4233K, committed 4352K, reserved 1048576K

Heap Regions: E=young(eden), S=young(survivor), O=old, HS=humongous(starts), HC=humongous(continues), CS=collection set, F=free, OA=open archive, CA=closed archive, TAMS=top-at-mark-start (previous, next)
|   0|0x0000000702000000, 0x0000000702200000, 0x0000000702200000|100%| O|  |TAMS 0x0000000702200000, 0x0000000702000000| Untracked 
|   1|0x0000000702200000, 0x0000000702400000, 0x0000000702400000|100%| O|  |TAMS 0x0000000702400000, 0x0000000702200000| Untracked 
|   2|0x0000000702400000, 0x00000007025fa600, 0x0000000702600000| 98%| O|  |TAMS 0x00000007025fa600, 0x0000000702400000| Untracked 
|   3|0x0000000702600000, 0x000000070278c200, 0x0000000702800000| 77%| O|  |TAMS 0x0000000702600000, 0x0000000702600000| Untracked 
|   4|0x0000000702800000, 0x0000000702800000, 0x0000000702a00000|  0%| F|  |TAMS 0x0000000702800000, 0x0000000702800000| Untracked 
|   5|0x0000000702a00000, 0x0000000702a00000, 0x0000000702c00000|  0%| F|  |TAMS 0x0000000702a00000, 0x0000000702a00000| Untracked 
|   6|0x0000000702c00000, 0x0000000702c00000, 0x0000000702e00000|  0%| F|  |TAMS 0x0000000702c00000, 0x0000000702c00000| Untracked 
|   7|0x0000000702e00000, 0x0000000702e00000, 0x0000000703000000|  0%| F|  |TAMS 0x0000000702e00000, 0x0000000702e00000| Untracked 
|   8|0x0000000703000000, 0x0000000703000000, 0x0000000703200000|  0%| F|  |TAMS 0x0000000703000000, 0x0000000703000000| Untracked 
|   9|0x0000000703200000, 0x0000000703200000, 0x0000000703400000|  0%| F|  |TAMS 0x0000000703200000, 0x0000000703200000| Untracked 
|  10|0x0000000703400000, 0x0000000703400000, 0x0000000703600000|  0%| F|  |TAMS 0x0000000703400000, 0x0000000703400000| Untracked 
|  11|0x0000000703600000, 0x0000000703600000, 0x0000000703800000|  0%| F|  |TAMS 0x0000000703600000, 0x0000000703600000| Untracked 
|  12|0x0000000703800000, 0x0000000703800000, 0x0000000703a00000|  0%| F|  |TAMS 0x0000000703800000, 0x0000000703800000| Untracked 
|  13|0x0000000703a00000, 0x0000000703a00000, 0x0000000703c00000|  0%| F|  |TAMS 0x0000000703a00000, 0x0000000703a00000| Untracked 
|  14|0x0000000703c00000, 0x0000000703c00000, 0x0000000703e00000|  0%| F|  |TAMS 0x0000000703c00000, 0x0000000703c00000| Untracked 
|  15|0x0000000703e00000, 0x0000000703e00000, 0x0000000704000000|  0%| F|  |TAMS 0x0000000703e00000, 0x0000000703e00000| Untracked 
|  16|0x0000000704000000, 0x0000000704000000, 0x0000000704200000|  0%| F|  |TAMS 0x0000000704000000, 0x0000000704000000| Untracked 
|  17|0x0000000704200000, 0x0000000704200000, 0x0000000704400000|  0%| F|  |TAMS 0x0000000704200000, 0x0000000704200000| Untracked 
|  18|0x0000000704400000, 0x0000000704400000, 0x0000000704600000|  0%| F|  |TAMS 0x0000000704400000, 0x0000000704400000| Untracked 
|  19|0x0000000704600000, 0x0000000704600000, 0x0000000704800000|  0%| F|  |TAMS 0x0000000704600000, 0x0000000704600000| Untracked 
|  20|0x0000000704800000, 0x0000000704800000, 0x0000000704a00000|  0%| F|  |TAMS 0x0000000704800000, 0x0000000704800000| Untracked 
|  21|0x0000000704a00000, 0x0000000704a00000, 0x0000000704c00000|  0%| F|  |TAMS 0x0000000704a00000, 0x0000000704a00000| Untracked 
|  22|0x0000000704c00000, 0x0000000704c00000, 0x0000000704e00000|  0%| F|  |TAMS 0x0000000704c00000, 0x0000000704c00000| Untracked 
|  23|0x0000000704e00000, 0x0000000704e00000, 0x0000000705000000|  0%| F|  |TAMS 0x0000000704e00000, 0x0000000704e00000| Untracked 
|  24|0x0000000705000000, 0x0000000705000000, 0x0000000705200000|  0%| F|  |TAMS 0x0000000705000000, 0x0000000705000000| Untracked 
|  25|0x0000000705200000, 0x0000000705200000, 0x0000000705400000|  0%| F|  |TAMS 0x0000000705200000, 0x0000000705200000| Untracked 
|  26|0x0000000705400000, 0x0000000705400000, 0x0000000705600000|  0%| F|  |TAMS 0x0000000705400000, 0x0000000705400000| Untracked 
|  27|0x0000000705600000, 0x0000000705600000, 0x0000000705800000|  0%| F|  |TAMS 0x0000000705600000, 0x0000000705600000| Untracked 
|  28|0x0000000705800000, 0x0000000705800000, 0x0000000705a00000|  0%| F|  |TAMS 0x0000000705800000, 0x0000000705800000| Untracked 
|  29|0x0000000705a00000, 0x0000000705a00000, 0x0000000705c00000|  0%| F|  |TAMS 0x0000000705a00000, 0x0000000705a00000| Untracked 
|  30|0x0000000705c00000, 0x0000000705ddc230, 0x0000000705e00000| 92%| S|CS|TAMS 0x0000000705c00000, 0x0000000705c00000| Complete 
|  31|0x0000000705e00000, 0x0000000706000000, 0x0000000706000000|100%| S|CS|TAMS 0x0000000705e00000, 0x0000000705e00000| Complete 
|  32|0x0000000706000000, 0x0000000706000000, 0x0000000706200000|  0%| F|  |TAMS 0x0000000706000000, 0x0000000706000000| Untracked 
|  33|0x0000000706200000, 0x0000000706200000, 0x0000000706400000|  0%| F|  |TAMS 0x0000000706200000, 0x0000000706200000| Untracked 
|  34|0x0000000706400000, 0x0000000706400000, 0x0000000706600000|  0%| F|  |TAMS 0x0000000706400000, 0x0000000706400000| Untracked 
|  35|0x0000000706600000, 0x0000000706600000, 0x0000000706800000|  0%| F|  |TAMS 0x0000000706600000, 0x0000000706600000| Untracked 
|  36|0x0000000706800000, 0x0000000706800000, 0x0000000706a00000|  0%| F|  |TAMS 0x0000000706800000, 0x0000000706800000| Untracked 
|  37|0x0000000706a00000, 0x0000000706a00000, 0x0000000706c00000|  0%| F|  |TAMS 0x0000000706a00000, 0x0000000706a00000| Untracked 
|  38|0x0000000706c00000, 0x0000000706c00000, 0x0000000706e00000|  0%| F|  |TAMS 0x0000000706c00000, 0x0000000706c00000| Untracked 
|  39|0x0000000706e00000, 0x0000000706e00000, 0x0000000707000000|  0%| F|  |TAMS 0x0000000706e00000, 0x0000000706e00000| Untracked 
|  40|0x0000000707000000, 0x0000000707000000, 0x0000000707200000|  0%| F|  |TAMS 0x0000000707000000, 0x0000000707000000| Untracked 
|  41|0x0000000707200000, 0x0000000707200000, 0x0000000707400000|  0%| F|  |TAMS 0x0000000707200000, 0x0000000707200000| Untracked 
|  42|0x0000000707400000, 0x0000000707400000, 0x0000000707600000|  0%| F|  |TAMS 0x0000000707400000, 0x0000000707400000| Untracked 
|  43|0x0000000707600000, 0x0000000707600000, 0x0000000707800000|  0%| F|  |TAMS 0x0000000707600000, 0x0000000707600000| Untracked 
|  44|0x0000000707800000, 0x0000000707800000, 0x0000000707a00000|  0%| F|  |TAMS 0x0000000707800000, 0x0000000707800000| Untracked 
|  45|0x0000000707a00000, 0x0000000707a00000, 0x0000000707c00000|  0%| F|  |TAMS 0x0000000707a00000, 0x0000000707a00000| Untracked 
|  46|0x0000000707c00000, 0x0000000707e00000, 0x0000000707e00000|100%| E|  |TAMS 0x0000000707c00000, 0x0000000707c00000| Complete 
|  47|0x0000000707e00000, 0x0000000708000000, 0x0000000708000000|100%| E|CS|TAMS 0x0000000707e00000, 0x0000000707e00000| Complete 
|  48|0x0000000708000000, 0x0000000708200000, 0x0000000708200000|100%| E|CS|TAMS 0x0000000708000000, 0x0000000708000000| Complete 
|  49|0x0000000708200000, 0x0000000708400000, 0x0000000708400000|100%| E|CS|TAMS 0x0000000708200000, 0x0000000708200000| Complete 
|  50|0x0000000708400000, 0x0000000708600000, 0x0000000708600000|100%| E|CS|TAMS 0x0000000708400000, 0x0000000708400000| Complete 
|  51|0x0000000708600000, 0x0000000708800000, 0x0000000708800000|100%| E|CS|TAMS 0x0000000708600000, 0x0000000708600000| Complete 
|  52|0x0000000708800000, 0x0000000708a00000, 0x0000000708a00000|100%| E|CS|TAMS 0x0000000708800000, 0x0000000708800000| Complete 
|  53|0x0000000708a00000, 0x0000000708c00000, 0x0000000708c00000|100%| E|CS|TAMS 0x0000000708a00000, 0x0000000708a00000| Complete 
|  54|0x0000000708c00000, 0x0000000708e00000, 0x0000000708e00000|100%| E|CS|TAMS 0x0000000708c00000, 0x0000000708c00000| Complete 
|  55|0x0000000708e00000, 0x0000000709000000, 0x0000000709000000|100%| E|CS|TAMS 0x0000000708e00000, 0x0000000708e00000| Complete 
|  56|0x0000000709000000, 0x0000000709200000, 0x0000000709200000|100%| E|CS|TAMS 0x0000000709000000, 0x0000000709000000| Complete 
|  57|0x0000000709200000, 0x0000000709400000, 0x0000000709400000|100%| E|CS|TAMS 0x0000000709200000, 0x0000000709200000| Complete 
|  58|0x0000000709400000, 0x0000000709600000, 0x0000000709600000|100%| E|CS|TAMS 0x0000000709400000, 0x0000000709400000| Complete 
|  59|0x0000000709600000, 0x0000000709800000, 0x0000000709800000|100%| E|CS|TAMS 0x0000000709600000, 0x0000000709600000| Complete 
|  60|0x0000000709800000, 0x0000000709a00000, 0x0000000709a00000|100%| E|CS|TAMS 0x0000000709800000, 0x0000000709800000| Complete 
|  61|0x0000000709a00000, 0x0000000709c00000, 0x0000000709c00000|100%| E|CS|TAMS 0x0000000709a00000, 0x0000000709a00000| Complete 
|  62|0x0000000709c00000, 0x0000000709e00000, 0x0000000709e00000|100%| E|CS|TAMS 0x0000000709c00000, 0x0000000709c00000| Complete 
|  63|0x0000000709e00000, 0x000000070a000000, 0x000000070a000000|100%| E|CS|TAMS 0x0000000709e00000, 0x0000000709e00000| Complete 
|  64|0x000000070a000000, 0x000000070a200000, 0x000000070a200000|100%| E|CS|TAMS 0x000000070a000000, 0x000000070a000000| Complete 
|  65|0x000000070a200000, 0x000000070a400000, 0x000000070a400000|100%| E|CS|TAMS 0x000000070a200000, 0x000000070a200000| Complete 
|  66|0x000000070a400000, 0x000000070a600000, 0x000000070a600000|100%| E|CS|TAMS 0x000000070a400000, 0x000000070a400000| Complete 
|  67|0x000000070a600000, 0x000000070a800000, 0x000000070a800000|100%| E|CS|TAMS 0x000000070a600000, 0x000000070a600000| Complete 
|  68|0x000000070a800000, 0x000000070aa00000, 0x000000070aa00000|100%| E|CS|TAMS 0x000000070a800000, 0x000000070a800000| Complete 
|  69|0x000000070aa00000, 0x000000070ac00000, 0x000000070ac00000|100%| E|CS|TAMS 0x000000070aa00000, 0x000000070aa00000| Complete 
|  70|0x000000070ac00000, 0x000000070ae00000, 0x000000070ae00000|100%| E|CS|TAMS 0x000000070ac00000, 0x000000070ac00000| Complete 
|  71|0x000000070ae00000, 0x000000070b000000, 0x000000070b000000|100%| E|CS|TAMS 0x000000070ae00000, 0x000000070ae00000| Complete 
| 112|0x0000000710000000, 0x0000000710200000, 0x0000000710200000|100%| E|CS|TAMS 0x0000000710000000, 0x0000000710000000| Complete 
| 113|0x0000000710200000, 0x0000000710400000, 0x0000000710400000|100%| E|CS|TAMS 0x0000000710200000, 0x0000000710200000| Complete 
| 126|0x0000000711c00000, 0x0000000711e00000, 0x0000000711e00000|100%| E|CS|TAMS 0x0000000711c00000, 0x0000000711c00000| Complete 

Card table byte_map: [0x00000218fca90000,0x00000218fd280000] _byte_map_base: 0x00000218f9280000

Marking Bits (Prev, Next): (CMBitMap*) 0x00000218e9823740, (CMBitMap*) 0x00000218e9823700
 Prev Bits: [0x0000021883f80000, 0x0000021887f00000)
 Next Bits: [0x0000021880000000, 0x0000021883f80000)

Polling page: 0x00000218e7790000

Metaspace:

Usage:
  Non-class:     29.73 MB used.
      Class:      4.13 MB used.
       Both:     33.87 MB used.

Virtual space:
  Non-class space:       32.00 MB reserved,      29.88 MB ( 93%) committed,  4 nodes.
      Class space:        1.00 GB reserved,       4.25 MB ( <1%) committed,  1 nodes.
              Both:        1.03 GB reserved,      34.12 MB (  3%) committed. 

Chunk freelists:
   Non-Class:  2.00 MB
       Class:  3.77 MB
        Both:  5.77 MB

MaxMetaspaceSize: 17179869184.00 GB
CompressedClassSpaceSize: 1.00 GB
 - commit_granule_bytes: 65536.
 - commit_granule_words: 8192.
 - virtual_space_node_default_size: 1048576.
 - enlarge_chunks_in_place: 1.
 - new_chunks_are_fully_committed: 0.
 - uncommit_free_chunks: 1.
 - use_allocation_guard: 0.
 - handle_deallocations: 1.


Internal statistics:

num_allocs_failed_limit: 3.
num_arena_births: 412.
num_arena_deaths: 0.
num_vsnodes_births: 5.
num_vsnodes_deaths: 0.
num_space_committed: 546.
num_space_uncommitted: 0.
num_chunks_returned_to_freelist: 3.
num_chunks_taken_from_freelist: 1287.
num_chunk_merges: 3.
num_chunk_splits: 837.
num_chunks_enlarged: 608.
num_purges: 0.

CodeHeap 'non-profiled nmethods': size=238336Kb used=6001Kb max_used=6001Kb free=232335Kb
 bounds [0x00000218ed480000, 0x00000218eda60000, 0x00000218fbd40000]
CodeHeap 'non-nmethods': size=7424Kb used=1259Kb max_used=1259Kb free=6164Kb
 bounds [0x00000218ecd40000, 0x00000218ecfb0000, 0x00000218ed480000]
 total_blobs=3914 nmethods=3433 adapters=408
 compilation: enabled
              stopped_count=0, restarted_count=0
 full_count=0

Compilation events (20 events):
Event: 1.648 Thread 0x000002188907f440 3426       1       org.springframework.orm.jpa.support.PersistenceAnnotationBeanPostProcessor::lambda$buildPersistenceMetadata$0 (57 bytes)
Event: 1.649 Thread 0x000002188907f440 nmethod 3426 0x00000218eda57f10 code [0x00000218eda581a0, 0x00000218eda58898]
Event: 1.649 Thread 0x000002188907f440 3427       1       org.springframework.context.annotation.CommonAnnotationBeanPostProcessor$$Lambda$535/0x00000008003f6440::doWith (13 bytes)
Event: 1.649 Thread 0x000002188907f440 nmethod 3427 0x00000218eda58c90 code [0x00000218eda58e40, 0x00000218eda58f48]
Event: 1.649 Thread 0x000002188907f440 3428       1       org.springframework.context.annotation.CommonAnnotationBeanPostProcessor::lambda$buildResourceMetadata$0 (181 bytes)
Event: 1.649 Thread 0x000002188907f440 nmethod 3428 0x00000218eda59010 code [0x00000218eda59260, 0x00000218eda597b8]
Event: 1.649 Thread 0x000002188907f440 3429       1       org.springframework.beans.factory.annotation.AutowiredAnnotationBeanPostProcessor$$Lambda$537/0x00000008003f6880::doWith (13 bytes)
Event: 1.649 Thread 0x000002188907f440 nmethod 3429 0x00000218eda59b10 code [0x00000218eda59cc0, 0x00000218eda59dc8]
Event: 1.649 Thread 0x000002188907f440 3430       1       org.springframework.beans.factory.config.InstantiationAwareBeanPostProcessor::postProcessAfterInstantiation (2 bytes)
Event: 1.649 Thread 0x000002188907f440 nmethod 3430 0x00000218eda59e90 code [0x00000218eda5a020, 0x00000218eda5a0f8]
Event: 1.649 Thread 0x000002188907f440 3423       1       org.springframework.core.BridgeMethodResolver::lambda$findBridgedMethod$0 (6 bytes)
Event: 1.649 Thread 0x000002188907f440 nmethod 3423 0x00000218eda5a190 code [0x00000218eda5a320, 0x00000218eda5a3e8]
Event: 1.649 Thread 0x000002188907f440 3424       1       org.springframework.core.BridgeMethodResolver::isBridgedCandidateFor (46 bytes)
Event: 1.649 Thread 0x000002188907f440 nmethod 3424 0x00000218eda5a490 code [0x00000218eda5a640, 0x00000218eda5a7d8]
Event: 1.649 Thread 0x000002188907f440 3431       1       org.springframework.transaction.interceptor.AbstractFallbackTransactionAttributeSource::computeTransactionAttribute (112 bytes)
Event: 1.650 Thread 0x000002188907f440 nmethod 3431 0x00000218eda5a990 code [0x00000218eda5ac60, 0x00000218eda5b518]
Event: 1.650 Thread 0x000002188907f440 3432       1       org.springframework.aop.support.AopUtils::getMostSpecificMethod (24 bytes)
Event: 1.650 Thread 0x000002188907f440 nmethod 3432 0x00000218eda5bb10 code [0x00000218eda5bce0, 0x00000218eda5bec8]
Event: 1.652 Thread 0x000002188907f440 3433       1       java.util.logging.LogManager::getProperty (9 bytes)
Event: 1.652 Thread 0x000002188907f440 nmethod 3433 0x00000218eda5c090 code [0x00000218eda5c240, 0x00000218eda5c348]

GC Heap History (14 events):
Event: 0.522 GC heap before
{Heap before GC invocations=0 (full 0):
 garbage-first heap   total 260096K, used 20480K [0x0000000702000000, 0x0000000800000000)
  region size 2048K, 11 young (22528K), 0 survivors (0K)
 Metaspace       used 14858K, committed 15040K, reserved 1064960K
  class space    used 1483K, committed 1600K, reserved 1048576K
}
Event: 0.525 GC heap after
{Heap after GC invocations=1 (full 0):
 garbage-first heap   total 260096K, used 6008K [0x0000000702000000, 0x0000000800000000)
  region size 2048K, 2 young (4096K), 2 survivors (4096K)
 Metaspace       used 14858K, committed 15040K, reserved 1064960K
  class space    used 1483K, committed 1600K, reserved 1048576K
}
Event: 0.690 GC heap before
{Heap before GC invocations=1 (full 0):
 garbage-first heap   total 260096K, used 32632K [0x0000000702000000, 0x0000000800000000)
  region size 2048K, 15 young (30720K), 2 survivors (4096K)
 Metaspace       used 18182K, committed 18432K, reserved 1073152K
  class space    used 1906K, committed 1984K, reserved 1048576K
}
Event: 0.692 GC heap after
{Heap after GC invocations=2 (full 0):
 garbage-first heap   total 260096K, used 7889K [0x0000000702000000, 0x0000000800000000)
  region size 2048K, 1 young (2048K), 1 survivors (2048K)
 Metaspace       used 18182K, committed 18432K, reserved 1073152K
  class space    used 1906K, committed 1984K, reserved 1048576K
}
Event: 0.850 GC heap before
{Heap before GC invocations=2 (full 0):
 garbage-first heap   total 260096K, used 32465K [0x0000000702000000, 0x0000000800000000)
  region size 2048K, 14 young (28672K), 1 survivors (2048K)
 Metaspace       used 20970K, committed 21248K, reserved 1073152K
  class space    used 2316K, committed 2432K, reserved 1048576K
}
Event: 0.852 GC heap after
{Heap after GC invocations=3 (full 0):
 garbage-first heap   total 260096K, used 8674K [0x0000000702000000, 0x0000000800000000)
  region size 2048K, 2 young (4096K), 2 survivors (4096K)
 Metaspace       used 20970K, committed 21248K, reserved 1073152K
  class space    used 2316K, committed 2432K, reserved 1048576K
}
Event: 0.924 GC heap before
{Heap before GC invocations=4 (full 0):
 garbage-first heap   total 40960K, used 39394K [0x0000000702000000, 0x0000000800000000)
  region size 2048K, 17 young (34816K), 2 survivors (4096K)
 Metaspace       used 23572K, committed 23872K, reserved 1073152K
  class space    used 2629K, committed 2752K, reserved 1048576K
}
Event: 0.926 GC heap after
{Heap after GC invocations=5 (full 0):
 garbage-first heap   total 45056K, used 9329K [0x0000000702000000, 0x0000000800000000)
  region size 2048K, 2 young (4096K), 2 survivors (4096K)
 Metaspace       used 23572K, committed 23872K, reserved 1073152K
  class space    used 2629K, committed 2752K, reserved 1048576K
}
Event: 0.969 GC heap before
{Heap before GC invocations=5 (full 0):
 garbage-first heap   total 45056K, used 25713K [0x0000000702000000, 0x0000000800000000)
  region size 2048K, 11 young (22528K), 2 survivors (4096K)
 Metaspace       used 25383K, committed 25600K, reserved 1073152K
  class space    used 2854K, committed 2944K, reserved 1048576K
}
Event: 0.971 GC heap after
{Heap after GC invocations=6 (full 0):
 garbage-first heap   total 45056K, used 9639K [0x0000000702000000, 0x0000000800000000)
  region size 2048K, 1 young (2048K), 1 survivors (2048K)
 Metaspace       used 25383K, committed 25600K, reserved 1073152K
  class space    used 2854K, committed 2944K, reserved 1048576K
}
Event: 1.012 GC heap before
{Heap before GC invocations=6 (full 0):
 garbage-first heap   total 45056K, used 30119K [0x0000000702000000, 0x0000000800000000)
  region size 2048K, 11 young (22528K), 1 survivors (2048K)
 Metaspace       used 27008K, committed 27328K, reserved 1073152K
  class space    used 3066K, committed 3200K, reserved 1048576K
}
Event: 1.014 GC heap after
{Heap after GC invocations=7 (full 0):
 garbage-first heap   total 153600K, used 10053K [0x0000000702000000, 0x0000000800000000)
  region size 2048K, 2 young (4096K), 2 survivors (4096K)
 Metaspace       used 27008K, committed 27328K, reserved 1073152K
  class space    used 3066K, committed 3200K, reserved 1048576K
}
Event: 1.293 GC heap before
{Heap before GC invocations=7 (full 0):
 garbage-first heap   total 153600K, used 96069K [0x0000000702000000, 0x0000000800000000)
  region size 2048K, 45 young (92160K), 2 survivors (4096K)
 Metaspace       used 30127K, committed 30400K, reserved 1081344K
  class space    used 3504K, committed 3648K, reserved 1048576K
}
Event: 1.297 GC heap after
{Heap after GC invocations=8 (full 0):
 garbage-first heap   total 153600K, used 11658K [0x0000000702000000, 0x0000000800000000)
  region size 2048K, 2 young (4096K), 2 survivors (4096K)
 Metaspace       used 30127K, committed 30400K, reserved 1081344K
  class space    used 3504K, committed 3648K, reserved 1048576K
}

Deoptimization events (20 events):
Event: 1.647 Thread 0x00000218e97d0940 DEOPT PACKING pc=0x00000218ed8e8704 sp=0x000000bcbf2fb520
Event: 1.647 Thread 0x00000218e97d0940 DEOPT UNPACKING pc=0x00000218ecd8dece sp=0x000000bcbf2faa98 mode 1
Event: 1.647 Thread 0x00000218e97d0940 DEOPT PACKING pc=0x00000218ed8e8704 sp=0x000000bcbf2fb520
Event: 1.647 Thread 0x00000218e97d0940 DEOPT UNPACKING pc=0x00000218ecd8dece sp=0x000000bcbf2faa98 mode 1
Event: 1.649 Thread 0x00000218e97d0940 DEOPT PACKING pc=0x00000218ed8e8704 sp=0x000000bcbf2fcc00
Event: 1.649 Thread 0x00000218e97d0940 DEOPT UNPACKING pc=0x00000218ecd8dece sp=0x000000bcbf2fc178 mode 1
Event: 1.649 Thread 0x00000218e97d0940 DEOPT PACKING pc=0x00000218ed8e8704 sp=0x000000bcbf2fcc00
Event: 1.649 Thread 0x00000218e97d0940 DEOPT UNPACKING pc=0x00000218ecd8dece sp=0x000000bcbf2fc178 mode 1
Event: 1.649 Thread 0x00000218e97d0940 DEOPT PACKING pc=0x00000218ed8e8704 sp=0x000000bcbf2fd870
Event: 1.649 Thread 0x00000218e97d0940 DEOPT UNPACKING pc=0x00000218ecd8dece sp=0x000000bcbf2fcde8 mode 1
Event: 1.649 Thread 0x00000218e97d0940 DEOPT PACKING pc=0x00000218ed8e8704 sp=0x000000bcbf2fd870
Event: 1.649 Thread 0x00000218e97d0940 DEOPT UNPACKING pc=0x00000218ecd8dece sp=0x000000bcbf2fcde8 mode 1
Event: 1.650 Thread 0x00000218e97d0940 DEOPT PACKING pc=0x00000218ed8e8704 sp=0x000000bcbf2fe250
Event: 1.650 Thread 0x00000218e97d0940 DEOPT UNPACKING pc=0x00000218ecd8dece sp=0x000000bcbf2fd7c8 mode 1
Event: 1.650 Thread 0x00000218e97d0940 DEOPT PACKING pc=0x00000218ed8e8704 sp=0x000000bcbf2fe250
Event: 1.650 Thread 0x00000218e97d0940 DEOPT UNPACKING pc=0x00000218ecd8dece sp=0x000000bcbf2fd7c8 mode 1
Event: 1.652 Thread 0x00000218e97d0940 DEOPT PACKING pc=0x00000218ed65bdec sp=0x000000bcbf2fd8a0
Event: 1.652 Thread 0x00000218e97d0940 DEOPT UNPACKING pc=0x00000218ecd8dece sp=0x000000bcbf2fcd38 mode 1
Event: 1.652 Thread 0x00000218e97d0940 DEOPT PACKING pc=0x00000218ed693e9c sp=0x000000bcbf2fd970
Event: 1.652 Thread 0x00000218e97d0940 DEOPT UNPACKING pc=0x00000218ecd8dece sp=0x000000bcbf2fce28 mode 1

Classes unloaded (0 events):
No events

Classes redefined (0 events):
No events

Internal exceptions (20 events):
Event: 1.526 Thread 0x00000218e97d0940 Exception <a 'java/lang/ClassNotFoundException'{0x00000007091a09c8}: org/springframework/beans/factory/config/InstantiationAwareBeanPostProcessorCustomizer> (0x00000007091a09c8) 
thrown [t:\workspace\open\src\hotspot\share\classfile\systemDictionary.cpp, line 256]
Event: 1.527 Thread 0x00000218e97d0940 Exception <a 'java/lang/ClassNotFoundException'{0x00000007091a8728}: org/springframework/beans/factory/config/BeanPostProcessorCustomizer> (0x00000007091a8728) 
thrown [t:\workspace\open\src\hotspot\share\classfile\systemDictionary.cpp, line 256]
Event: 1.527 Thread 0x00000218e97d0940 Exception <a 'java/lang/ClassNotFoundException'{0x00000007091add08}: org/springframework/beans/factory/BeanFactoryAwareCustomizer> (0x00000007091add08) 
thrown [t:\workspace\open\src\hotspot\share\classfile\systemDictionary.cpp, line 256]
Event: 1.527 Thread 0x00000218e97d0940 Exception <a 'java/lang/ClassNotFoundException'{0x00000007091b31b8}: org/springframework/beans/factory/AwareCustomizer> (0x00000007091b31b8) 
thrown [t:\workspace\open\src\hotspot\share\classfile\systemDictionary.cpp, line 256]
Event: 1.527 Thread 0x00000218e97d0940 Exception <a 'java/lang/ClassNotFoundException'{0x00000007091b6ae8}: org/springframework/core/OrderedCustomizer> (0x00000007091b6ae8) 
thrown [t:\workspace\open\src\hotspot\share\classfile\systemDictionary.cpp, line 256]
Event: 1.528 Thread 0x00000218e97d0940 Exception <a 'java/lang/ClassNotFoundException'{0x00000007091bb3b8}: org/springframework/beans/factory/BeanClassLoaderAwareCustomizer> (0x00000007091bb3b8) 
thrown [t:\workspace\open\src\hotspot\share\classfile\systemDictionary.cpp, line 256]
Event: 1.528 Thread 0x00000218e97d0940 Exception <a 'java/lang/ClassNotFoundException'{0x00000007091bfcf8}: org/springframework/beans/factory/AwareCustomizer> (0x00000007091bfcf8) 
thrown [t:\workspace\open\src\hotspot\share\classfile\systemDictionary.cpp, line 256]
Event: 1.528 Thread 0x00000218e97d0940 Exception <a 'java/lang/ClassNotFoundException'{0x00000007091c3a68}: org/springframework/aop/framework/AopInfrastructureBeanCustomizer> (0x00000007091c3a68) 
thrown [t:\workspace\open\src\hotspot\share\classfile\systemDictionary.cpp, line 256]
Event: 1.542 Thread 0x00000218e97d0940 Exception <a 'java/lang/ClassNotFoundException'{0x0000000708f9c5f8}: java/lang/ObjectCustomizer> (0x0000000708f9c5f8) 
thrown [t:\workspace\open\src\hotspot\share\classfile\systemDictionary.cpp, line 256]
Event: 1.542 Thread 0x00000218e97d0940 Exception <a 'java/lang/ClassNotFoundException'{0x0000000708fa3e70}: org/springframework/transaction/annotation/AbstractTransactionManagementConfigurationCustomizer> (0x0000000708fa3e70) 
thrown [t:\workspace\open\src\hotspot\share\classfile\systemDictionary.cpp, line 256]
Event: 1.543 Thread 0x00000218e97d0940 Exception <a 'java/lang/ClassNotFoundException'{0x0000000708faa6f0}: org/springframework/transaction/annotation/ProxyTransactionManagementConfigurationCustomizer> (0x0000000708faa6f0) 
thrown [t:\workspace\open\src\hotspot\share\classfile\systemDictionary.cpp, line 256]
Event: 1.543 Thread 0x00000218e97d0940 Exception <a 'java/lang/ClassNotFoundException'{0x0000000708fb2398}: org/springframework/context/annotation/ImportAwareCustomizer> (0x0000000708fb2398) 
thrown [t:\workspace\open\src\hotspot\share\classfile\systemDictionary.cpp, line 256]
Event: 1.543 Thread 0x00000218e97d0940 Exception <a 'java/lang/ClassNotFoundException'{0x0000000708fb70e8}: org/springframework/beans/factory/AwareCustomizer> (0x0000000708fb70e8) 
thrown [t:\workspace\open\src\hotspot\share\classfile\systemDictionary.cpp, line 256]
Event: 1.587 Thread 0x0000021889c5e040 Exception <a 'java/lang/reflect/InvocationTargetException'{0x0000000708702340}> (0x0000000708702340) 
thrown [t:\workspace\open\src\hotspot\share\runtime\reflection.cpp, line 1157]
Event: 1.590 Thread 0x00000218e97d0940 Exception <a 'java/lang/NoSuchMethodError'{0x000000070866deb8}: 'int java.lang.invoke.DirectMethodHandle$Holder.invokeSpecial(java.lang.Object, java.lang.Object, java.lang.Object, java.lang.Object, java.lang.Object)'> (0x000000070866deb8) 
thrown [t:\workspace\open\src\hotspot\share\interpreter\linkResolver.cpp, line 790]
Event: 1.618 Thread 0x00000218e97d0940 Exception <a 'java/lang/NoSuchMethodError'{0x000000070803f9d8}: 'void java.lang.invoke.DirectMethodHandle$Holder.invokeInterface(java.lang.Object, java.lang.Object, int)'> (0x000000070803f9d8) 
thrown [t:\workspace\open\src\hotspot\share\interpreter\linkResolver.cpp, line 790]
Event: 1.619 Thread 0x00000218e97d0940 Exception <a 'java/lang/NoSuchMethodError'{0x000000070805a0a8}: 'int java.lang.invoke.DirectMethodHandle$Holder.invokeVirtual(java.lang.Object, java.lang.Object)'> (0x000000070805a0a8) 
thrown [t:\workspace\open\src\hotspot\share\interpreter\linkResolver.cpp, line 790]
Event: 1.621 Thread 0x00000218e97d0940 Exception <a 'java/lang/IncompatibleClassChangeError'{0x0000000708095690}: Found class java.lang.Object, but interface was expected> (0x0000000708095690) 
thrown [t:\workspace\open\src\hotspot\share\interpreter\linkResolver.cpp, line 857]
Event: 1.621 Thread 0x00000218e97d0940 Exception <a 'java/lang/NoSuchMethodError'{0x000000070809aac8}: 'void java.lang.invoke.DirectMethodHandle$Holder.invokeStatic(java.lang.Object, int, java.lang.Object)'> (0x000000070809aac8) 
thrown [t:\workspace\open\src\hotspot\share\interpreter\linkResolver.cpp, line 790]
Event: 1.623 Thread 0x00000218e97d0940 Exception <a 'java/lang/NoSuchMethodError'{0x00000007080cab10}: 'int java.lang.invoke.DirectMethodHandle$Holder.invokeSpecial(java.lang.Object, java.lang.Object, int)'> (0x00000007080cab10) 
thrown [t:\workspace\open\src\hotspot\share\interpreter\linkResolver.cpp, line 790]

Events (20 events):
Event: 1.580 loading class sun/util/PropertyResourceBundleCharset$PropertiesFileDecoder
Event: 1.580 loading class sun/util/PropertyResourceBundleCharset$PropertiesFileDecoder done
Event: 1.590 loading class java/util/stream/SortedOps
Event: 1.590 loading class java/util/stream/SortedOps done
Event: 1.590 loading class java/util/stream/SortedOps$OfRef
Event: 1.590 loading class java/util/stream/SortedOps$OfRef done
Event: 1.590 loading class java/util/stream/SortedOps$RefSortingSink
Event: 1.590 loading class java/util/stream/SortedOps$AbstractRefSortingSink
Event: 1.591 loading class java/util/stream/SortedOps$AbstractRefSortingSink done
Event: 1.591 loading class java/util/stream/SortedOps$RefSortingSink done
Event: 1.648 Executing  VM operation: HandshakeAllThreads
Event: 1.648 Executing  VM operation: HandshakeAllThreads done
Event: 1.653 loading class javax/management/RuntimeOperationsException
Event: 1.653 loading class javax/management/JMRuntimeException
Event: 1.653 loading class javax/management/JMRuntimeException done
Event: 1.653 loading class javax/management/RuntimeOperationsException done
Event: 1.654 loading class javax/management/ServiceNotFoundException
Event: 1.654 loading class javax/management/ServiceNotFoundException done
Event: 1.654 loading class java/util/concurrent/locks/ReentrantReadWriteLock$NonfairSync
Event: 1.654 loading class java/util/concurrent/locks/ReentrantReadWriteLock$NonfairSync done


Dynamic libraries:
0x00007ff7b1690000 - 0x00007ff7b169e000 	C:\Users\rajeshkumardakua\Downloads\sts-4.12.0.RELEASE\plugins\org.eclipse.justj.openjdk.hotspot.jre.full.win32.x86_64_16.0.2.v20210721-1149\jre\bin\javaw.exe
0x00007ff900f50000 - 0x00007ff901145000 	C:\Windows\SYSTEM32\ntdll.dll
0x00007ff8ffaa0000 - 0x00007ff8ffb5e000 	C:\Windows\System32\KERNEL32.DLL
0x00007ff8feaa0000 - 0x00007ff8fed69000 	C:\Windows\System32\KERNELBASE.dll
0x00007ff8fe730000 - 0x00007ff8fe830000 	C:\Windows\System32\ucrtbase.dll
0x00007ff8fc7b0000 - 0x00007ff8fc7c8000 	C:\Users\rajeshkumardakua\Downloads\sts-4.12.0.RELEASE\plugins\org.eclipse.justj.openjdk.hotspot.jre.full.win32.x86_64_16.0.2.v20210721-1149\jre\bin\jli.dll
0x00007ff8aeef0000 - 0x00007ff8aef09000 	C:\Users\rajeshkumardakua\Downloads\sts-4.12.0.RELEASE\plugins\org.eclipse.justj.openjdk.hotspot.jre.full.win32.x86_64_16.0.2.v20210721-1149\jre\bin\VCRUNTIME140.dll
0x00007ff8ff330000 - 0x00007ff8ff4d1000 	C:\Windows\System32\USER32.dll
0x00007ff8fedc0000 - 0x00007ff8fede2000 	C:\Windows\System32\win32u.dll
0x00007ff8fda70000 - 0x00007ff8fdd0a000 	C:\Windows\WinSxS\amd64_microsoft.windows.common-controls_6595b64144ccf1df_6.0.19041.1110_none_60b5254171f9507e\COMCTL32.dll
0x00007ff8ff000000 - 0x00007ff8ff02b000 	C:\Windows\System32\GDI32.dll
0x00007ff900a90000 - 0x00007ff900b2e000 	C:\Windows\System32\msvcrt.dll
0x00007ff8fedf0000 - 0x00007ff8feefb000 	C:\Windows\System32\gdi32full.dll
0x00007ff8fef00000 - 0x00007ff8fef9d000 	C:\Windows\System32\msvcp_win.dll
0x00007ff9009b0000 - 0x00007ff9009e0000 	C:\Windows\System32\IMM32.DLL
0x00007ff8c8ac0000 - 0x00007ff8c8acc000 	C:\Users\rajeshkumardakua\Downloads\sts-4.12.0.RELEASE\plugins\org.eclipse.justj.openjdk.hotspot.jre.full.win32.x86_64_16.0.2.v20210721-1149\jre\bin\vcruntime140_1.dll
0x00007ff8ab5f0000 - 0x00007ff8ab681000 	C:\Users\rajeshkumardakua\Downloads\sts-4.12.0.RELEASE\plugins\org.eclipse.justj.openjdk.hotspot.jre.full.win32.x86_64_16.0.2.v20210721-1149\jre\bin\msvcp140.dll
0x00007ff8abbc0000 - 0x00007ff8ac76b000 	C:\Users\rajeshkumardakua\Downloads\sts-4.12.0.RELEASE\plugins\org.eclipse.justj.openjdk.hotspot.jre.full.win32.x86_64_16.0.2.v20210721-1149\jre\bin\server\jvm.dll
0x00007ff900e00000 - 0x00007ff900eac000 	C:\Windows\System32\ADVAPI32.dll
0x00007ff900100000 - 0x00007ff90019b000 	C:\Windows\System32\sechost.dll
0x00007ff8fff40000 - 0x00007ff90006a000 	C:\Windows\System32\RPCRT4.dll
0x00007ff900250000 - 0x00007ff900258000 	C:\Windows\System32\PSAPI.DLL
0x00007ff8fc270000 - 0x00007ff8fc27a000 	C:\Windows\SYSTEM32\VERSION.dll
0x00007ff8e9c20000 - 0x00007ff8e9c47000 	C:\Windows\SYSTEM32\WINMM.dll
0x00007ff8ec290000 - 0x00007ff8ec299000 	C:\Windows\SYSTEM32\WSOCK32.dll
0x00007ff8ffb60000 - 0x00007ff8ffbcb000 	C:\Windows\System32\WS2_32.dll
0x00007ff8fb5b0000 - 0x00007ff8fb5c2000 	C:\Windows\SYSTEM32\kernel.appcore.dll
0x00007ff8fc7e0000 - 0x00007ff8fc7ea000 	C:\Users\rajeshkumardakua\Downloads\sts-4.12.0.RELEASE\plugins\org.eclipse.justj.openjdk.hotspot.jre.full.win32.x86_64_16.0.2.v20210721-1149\jre\bin\jimage.dll
0x00007ff8fe010000 - 0x00007ff8fe1f4000 	C:\Windows\SYSTEM32\DBGHELP.DLL
0x00007ff8fdfe0000 - 0x00007ff8fe00c000 	C:\Windows\SYSTEM32\dbgcore.DLL
0x00007ff8fe670000 - 0x00007ff8fe6f3000 	C:\Windows\System32\bcryptPrimitives.dll
0x00007ff8ec490000 - 0x00007ff8ec4cb000 	C:\Users\rajeshkumardakua\Downloads\sts-4.12.0.RELEASE\plugins\org.eclipse.justj.openjdk.hotspot.jre.full.win32.x86_64_16.0.2.v20210721-1149\jre\bin\jdwp.dll
0x00007ff8fc7d0000 - 0x00007ff8fc7de000 	C:\Users\rajeshkumardakua\Downloads\sts-4.12.0.RELEASE\plugins\org.eclipse.justj.openjdk.hotspot.jre.full.win32.x86_64_16.0.2.v20210721-1149\jre\bin\instrument.dll
0x00007ff8fc780000 - 0x00007ff8fc7a5000 	C:\Users\rajeshkumardakua\Downloads\sts-4.12.0.RELEASE\plugins\org.eclipse.justj.openjdk.hotspot.jre.full.win32.x86_64_16.0.2.v20210721-1149\jre\bin\java.dll
0x00007ff8fc760000 - 0x00007ff8fc778000 	C:\Users\rajeshkumardakua\Downloads\sts-4.12.0.RELEASE\plugins\org.eclipse.justj.openjdk.hotspot.jre.full.win32.x86_64_16.0.2.v20210721-1149\jre\bin\zip.dll
0x00007ff900260000 - 0x00007ff90099f000 	C:\Windows\System32\SHELL32.dll
0x00007ff8fb9a0000 - 0x00007ff8fc130000 	C:\Windows\SYSTEM32\windows.storage.dll
0x00007ff8ffbe0000 - 0x00007ff8fff35000 	C:\Windows\System32\combase.dll
0x00007ff8fd9d0000 - 0x00007ff8fd9fc000 	C:\Windows\SYSTEM32\Wldp.dll
0x00007ff9009e0000 - 0x00007ff900a8e000 	C:\Windows\System32\SHCORE.dll
0x00007ff900eb0000 - 0x00007ff900f05000 	C:\Windows\System32\shlwapi.dll
0x00007ff8fe5b0000 - 0x00007ff8fe5cf000 	C:\Windows\SYSTEM32\profapi.dll
0x00007ff8fcb10000 - 0x00007ff8fcb1c000 	C:\Users\rajeshkumardakua\Downloads\sts-4.12.0.RELEASE\plugins\org.eclipse.justj.openjdk.hotspot.jre.full.win32.x86_64_16.0.2.v20210721-1149\jre\bin\dt_socket.dll
0x00007ff8fd5e0000 - 0x00007ff8fd61b000 	C:\Windows\SYSTEM32\IPHLPAPI.DLL
0x00007ff8fd6b0000 - 0x00007ff8fd71a000 	C:\Windows\system32\mswsock.dll
0x00007ff8fd3c0000 - 0x00007ff8fd48c000 	C:\Windows\SYSTEM32\DNSAPI.dll
0x00007ff8ffbd0000 - 0x00007ff8ffbd8000 	C:\Windows\System32\NSI.dll
0x00007ff8f8490000 - 0x00007ff8f849a000 	C:\Windows\System32\rasadhlp.dll
0x00007ff8f8700000 - 0x00007ff8f877f000 	C:\Windows\System32\fwpuclnt.dll
0x00007ff8fe700000 - 0x00007ff8fe727000 	C:\Windows\System32\bcrypt.dll
0x00007ff8fc740000 - 0x00007ff8fc759000 	C:\Users\rajeshkumardakua\Downloads\sts-4.12.0.RELEASE\plugins\org.eclipse.justj.openjdk.hotspot.jre.full.win32.x86_64_16.0.2.v20210721-1149\jre\bin\net.dll
0x00007ff8f1b00000 - 0x00007ff8f1c08000 	C:\Windows\SYSTEM32\WINHTTP.dll
0x00007ff8fc720000 - 0x00007ff8fc733000 	C:\Users\rajeshkumardakua\Downloads\sts-4.12.0.RELEASE\plugins\org.eclipse.justj.openjdk.hotspot.jre.full.win32.x86_64_16.0.2.v20210721-1149\jre\bin\nio.dll
0x00007ff8ab4d0000 - 0x00007ff8ab4d9000 	C:\Users\rajeshkumardakua\Downloads\sts-4.12.0.RELEASE\plugins\org.eclipse.justj.openjdk.hotspot.jre.full.win32.x86_64_16.0.2.v20210721-1149\jre\bin\management.dll
0x00007ff8ab4c0000 - 0x00007ff8ab4cb000 	C:\Users\rajeshkumardakua\Downloads\sts-4.12.0.RELEASE\plugins\org.eclipse.justj.openjdk.hotspot.jre.full.win32.x86_64_16.0.2.v20210721-1149\jre\bin\management_ext.dll
0x00007ff8ef260000 - 0x00007ff8ef277000 	C:\Windows\system32\napinsp.dll
0x00007ff8ef280000 - 0x00007ff8ef29b000 	C:\Windows\system32\pnrpnsp.dll
0x00007ff8ef2e0000 - 0x00007ff8ef2f5000 	C:\Windows\system32\wshbth.dll
0x00007ff8f9520000 - 0x00007ff8f953d000 	C:\Windows\system32\NLAapi.dll
0x00007ff8ef500000 - 0x00007ff8ef512000 	C:\Windows\System32\winrnr.dll
0x00007ff8fe3f0000 - 0x00007ff8fe408000 	C:\Windows\SYSTEM32\CRYPTSP.dll
0x00007ff8fd0a0000 - 0x00007ff8fd0d4000 	C:\Windows\system32\rsaenh.dll
0x00007ff8fe570000 - 0x00007ff8fe59e000 	C:\Windows\SYSTEM32\USERENV.dll
0x00007ff8fd8a0000 - 0x00007ff8fd8ac000 	C:\Windows\SYSTEM32\CRYPTBASE.dll
0x00007ff8f8500000 - 0x00007ff8f8517000 	C:\Windows\SYSTEM32\dhcpcsvc6.DLL
0x00007ff8f84d0000 - 0x00007ff8f84ed000 	C:\Windows\SYSTEM32\dhcpcsvc.DLL
0x00007ff8fc710000 - 0x00007ff8fc720000 	C:\Users\rajeshkumardakua\Downloads\sts-4.12.0.RELEASE\plugins\org.eclipse.justj.openjdk.hotspot.jre.full.win32.x86_64_16.0.2.v20210721-1149\jre\bin\verify.dll

dbghelp: loaded successfully - version: 4.0.5 - missing functions: none
symbol engine: initialized successfully - sym options: 0x614 - pdb path: .;C:\Users\rajeshkumardakua\Downloads\sts-4.12.0.RELEASE\plugins\org.eclipse.justj.openjdk.hotspot.jre.full.win32.x86_64_16.0.2.v20210721-1149\jre\bin;C:\Windows\SYSTEM32;C:\Windows\WinSxS\amd64_microsoft.windows.common-controls_6595b64144ccf1df_6.0.19041.1110_none_60b5254171f9507e;C:\Users\rajeshkumardakua\Downloads\sts-4.12.0.RELEASE\plugins\org.eclipse.justj.openjdk.hotspot.jre.full.win32.x86_64_16.0.2.v20210721-1149\jre\bin\server

VM Arguments:
jvm_args: -XX:+ShowCodeDetailsInExceptionMessages -agentlib:jdwp=transport=dt_socket,suspend=y,address=localhost:62230 -Dcom.sun.management.jmxremote -Dcom.sun.management.jmxremote.port=62229 -Dcom.sun.management.jmxremote.authenticate=false -Dcom.sun.management.jmxremote.ssl=false -Djava.rmi.server.hostname=localhost -Dspring.jmx.enabled=true -Dspring.application.admin.enabled=true -XX:TieredStopAtLevel=1 -Dspring.boot.project.name=DepartmentProject -javaagent:C:\Users\rajeshkumardakua\Downloads\sts-4.12.0.RELEASE\configuration\org.eclipse.osgi\259\0\.cp\lib\javaagent-shaded.jar -Dfile.encoding=Cp1252 
java_command: com.zkteco.department.DepartmentProjectApplication --spring.output.ansi.enabled=always
java_class_path (initial): C:\Users\rajeshkumardakua\Documents\workspace-spring-tool-suite-4-4.12.0.RELEASE\DepartmentProject\bin\main;C:\Users\rajeshkumardakua\.gradle\caches\modules-2\files-2.1\org.projectlombok\lombok\1.18.20\18bcea7d5df4d49227b4a0743a536208ce4825bb\lombok-1.18.20.jar;C:\Users\rajeshkumardakua\.gradle\caches\modules-2\files-2.1\org.springframework.boot\spring-boot-starter-web\2.5.5\c09bf133d22c865d6ce4d67ff48aece7ff1defb1\spring-boot-starter-web-2.5.5.jar;C:\Users\rajeshkumardakua\.gradle\caches\modules-2\files-2.1\org.springframework.boot\spring-boot-starter-data-jpa\2.5.5\5ec66dab8ad9dead3322e21d1bfafe29da89f360\spring-boot-starter-data-jpa-2.5.5.jar;C:\Users\rajeshkumardakua\.gradle\caches\modules-2\files-2.1\org.postgresql\postgresql\42.2.22\9edcdd5bb2acfbb4354c92e0b9a67fc6a6ab9046\postgresql-42.2.22.jar;C:\Users\rajeshkumardakua\.gradle\caches\modules-2\files-2.1\org.springframework.boot\spring-boot-starter-json\2.5.5\11923b2b5ca33c6c849952ed1bd47a77c9ec0a85\spring-boot-starter-json-2.5.5.jar;C:\Users\rajeshkumardakua\.gradle\caches\modules-2\files-2.1\org.springframework.boot\spring-boot-starter-aop\2.5.5\25b36a03046a5262089d1167e29086a62afd2e9f\spring-boot-starter-aop-2.5.5.jar;C:\Users\rajeshkumardakua\.gradle\caches\modules-2\files-2.1\org.springframework.boot\spring-boot-starter-jdbc\2.5.5\937cf9e02eeefa8f2e4c4dade226e5c4482c3207\spring-boot-starter-jdbc-2.5.5.jar;C:\Users\rajeshkumardakua\.gradle\caches\modules-2\files-2.1\org.springframework.boot\spring-boot-starter\2.5.5\8657d6f1f00002e8a839fc35fe2f2cd7fc09b72a\spring-boot-starter-2.5.5.jar;C:\Users\rajeshkumardakua\.gradle\caches\modules-2\files-2.1\org.springframework.boot\spring-boot-starter-tomcat\2.5.5\3fb58add8060ff5a6a17e08eeabca1e823c2f04a\spring-boot-starter-tomcat-2.5.5.jar;C:\Users\rajeshkumardakua\.gradle\caches\modules-2\files-2.1\org.springframework\spring-webmvc\5.3.10\d8a26ccc0fb4788c05eca148be8ee987d554a9d2\spring-webmvc-5.3.10.jar;C:\Users\rajeshkumardakua\.gradle
Launcher Type: SUN_STANDARD

[Global flags]
     intx CICompilerCount                          = 4                                         {product} {ergonomic}
     uint ConcGCThreads                            = 3                                         {product} {ergonomic}
     uint G1ConcRefinementThreads                  = 10                                        {product} {ergonomic}
   size_t G1HeapRegionSize                         = 2097152                                   {product} {ergonomic}
    uintx GCDrainStackTargetSize                   = 64                                        {product} {ergonomic}
   size_t InitialHeapSize                          = 266338304                                 {product} {ergonomic}
     bool ManagementServer                         = true                                      {product} {command line}
   size_t MarkStackSize                            = 4194304                                   {product} {ergonomic}
   size_t MaxHeapSize                              = 4261412864                                {product} {ergonomic}
   size_t MaxNewSize                               = 2556428288                                {product} {ergonomic}
   size_t MinHeapDeltaBytes                        = 2097152                                   {product} {ergonomic}
   size_t MinHeapSize                              = 8388608                                   {product} {ergonomic}
    uintx NonNMethodCodeHeapSize                   = 7549744                                {pd product} {ergonomic}
    uintx NonProfiledCodeHeapSize                  = 244108496                              {pd product} {ergonomic}
    uintx ProfiledCodeHeapSize                     = 0                                      {pd product} {ergonomic}
    uintx ReservedCodeCacheSize                    = 251658240                              {pd product} {ergonomic}
     bool SegmentedCodeCache                       = true                                      {product} {ergonomic}
     bool ShowCodeDetailsInExceptionMessages       = true                                   {manageable} {command line}
   size_t SoftMaxHeapSize                          = 4261412864                             {manageable} {ergonomic}
     intx TieredStopAtLevel                        = 1                                         {product} {command line}
     bool UseCompressedClassPointers               = true                           {product lp64_product} {ergonomic}
     bool UseCompressedOops                        = true                           {product lp64_product} {ergonomic}
     bool UseG1GC                                  = true                                      {product} {ergonomic}
     bool UseLargePagesIndividualAllocation        = false                                  {pd product} {ergonomic}

Logging:
Log output configuration:
 #0: stdout all=warning uptime,level,tags
 #1: stderr all=off uptime,level,tags

Environment Variables:
JAVA_HOME=C:\Program Files\Java\jdk-11\
PATH=C:\Users\rajeshkumardakua\Downloads\sts-4.12.0.RELEASE\plugins\org.eclipse.justj.openjdk.hotspot.jre.full.win32.x86_64_16.0.2.v20210721-1149\jre\bin;C:/Users/rajeshkumardakua/Downloads/sts-4.12.0.RELEASE//plugins/org.eclipse.justj.openjdk.hotspot.jre.full.win32.x86_64_16.0.2.v20210721-1149/jre/bin/server;C:/Users/rajeshkumardakua/Downloads/sts-4.12.0.RELEASE//plugins/org.eclipse.justj.openjdk.hotspot.jre.full.win32.x86_64_16.0.2.v20210721-1149/jre/bin;C:\Program Files (x86)\Common Files\Oracle\Java\javapath;C:\Windows\system32;C:\Windows;C:\Windows\System32\Wbem;C:\Windows\System32\WindowsPowerShell\v1.0\;C:\Windows\System32\OpenSSH\;C:\Program Files\Java\jdk-11\bin;C:\Users\rajeshkumardakua\AppData\Local\Microsoft\WindowsApps;;C:\Users\rajeshkumardakua\Downloads\sts-4.12.0.RELEASE;
USERNAME=rajeshkumardakua
OS=Windows_NT
PROCESSOR_IDENTIFIER=Intel64 Family 6 Model 165 Stepping 3, GenuineIntel



---------------  S Y S T E M  ---------------

OS:
 Windows 10 , 64 bit Build 19041 (10.0.19041.1202)
OS uptime: 0 days 2:12 hours

CPU: total 12 (initial active 12) (6 cores per cpu, 2 threads per core) family 6 model 165 stepping 3 microcode 0xe0, cx8, cmov, fxsr, ht, mmx, 3dnowpref, sse, sse2, sse3, ssse3, sse4.1, sse4.2, popcnt, lzcnt, tsc, tscinvbit, avx, avx2, aes, erms, clmul, bmi1, bmi2, adx, fma, vzeroupper, clflush, clflushopt

Memory: 4k page, system-wide physical 16250M (9320M free)
TotalPageFile size 18682M (AvailPageFile size 11187M)
current process WorkingSet (physical memory assigned to process): 222M, peak: 222M
current process commit charge ("private bytes"): 285M, peak: 367M

vm_info: OpenJDK 64-Bit Server VM (16.0.2+7-67) for windows-amd64 JRE (16.0.2+7-67), built on Jun  8 2021 23:21:43 by "mach5one" with MS VC++ 16.7 (VS2019)

END.
